Start testing: Jan 29 21:18 CST
----------------------------------------------------------
31/169 Testing: t_webget
31/169 Test: t_webget
Command: "/run/media/honeta/Data/code/Lab/CS144/tests/webget_t.sh"
Directory: /run/media/honeta/Data/code/Lab/CS144
"t_webget" start time: Jan 29 21:18 CST
Output:
----------------------------------------------------------
Function called: get_URL(cs144.keithw.org, /nph-hasher/xyzzy).
Warning: get_URL() has not been implemented yet.
HTTP/1.1 200 OK
Content-type: text/plain

7SmXqWkrLKzVBCEalbSPqBcvs11Pw263K7x4Wv3JckI
<end of output>
Test time =   1.74 sec
----------------------------------------------------------
Test Passed.
"t_webget" end time: Jan 29 21:18 CST
"t_webget" time elapsed: 00:00:01
----------------------------------------------------------

End testing: Jan 29 21:18 CST
