Start testing: Jan 29 22:18 CST
----------------------------------------------------------
26/169 Testing: t_byte_stream_construction
26/169 Test: t_byte_stream_construction
Command: "/run/media/honeta/Data/code/Lab/CS144/tests/byte_stream_construction"
Directory: /run/media/honeta/Data/code/Lab/CS144
"t_byte_stream_construction" start time: Jan 29 22:18 CST
Output:
----------------------------------------------------------
<end of output>
Test time =   0.00 sec
----------------------------------------------------------
Test Passed.
"t_byte_stream_construction" end time: Jan 29 22:18 CST
"t_byte_stream_construction" time elapsed: 00:00:00
----------------------------------------------------------

27/169 Testing: t_byte_stream_one_write
27/169 Test: t_byte_stream_one_write
Command: "/run/media/honeta/Data/code/Lab/CS144/tests/byte_stream_one_write"
Directory: /run/media/honeta/Data/code/Lab/CS144
"t_byte_stream_one_write" start time: Jan 29 22:18 CST
Output:
----------------------------------------------------------
<end of output>
Test time =   0.00 sec
----------------------------------------------------------
Test Passed.
"t_byte_stream_one_write" end time: Jan 29 22:18 CST
"t_byte_stream_one_write" time elapsed: 00:00:00
----------------------------------------------------------

28/169 Testing: t_byte_stream_two_writes
28/169 Test: t_byte_stream_two_writes
Command: "/run/media/honeta/Data/code/Lab/CS144/tests/byte_stream_two_writes"
Directory: /run/media/honeta/Data/code/Lab/CS144
"t_byte_stream_two_writes" start time: Jan 29 22:18 CST
Output:
----------------------------------------------------------
<end of output>
Test time =   0.00 sec
----------------------------------------------------------
Test Passed.
"t_byte_stream_two_writes" end time: Jan 29 22:18 CST
"t_byte_stream_two_writes" time elapsed: 00:00:00
----------------------------------------------------------

29/169 Testing: t_byte_stream_capacity
29/169 Test: t_byte_stream_capacity
Command: "/run/media/honeta/Data/code/Lab/CS144/tests/byte_stream_capacity"
Directory: /run/media/honeta/Data/code/Lab/CS144
"t_byte_stream_capacity" start time: Jan 29 22:18 CST
Output:
----------------------------------------------------------
<end of output>
Test time =   0.30 sec
----------------------------------------------------------
Test Passed.
"t_byte_stream_capacity" end time: Jan 29 22:18 CST
"t_byte_stream_capacity" time elapsed: 00:00:00
----------------------------------------------------------

30/169 Testing: t_byte_stream_many_writes
30/169 Test: t_byte_stream_many_writes
Command: "/run/media/honeta/Data/code/Lab/CS144/tests/byte_stream_many_writes"
Directory: /run/media/honeta/Data/code/Lab/CS144
"t_byte_stream_many_writes" start time: Jan 29 22:18 CST
Output:
----------------------------------------------------------
<end of output>
Test time =   0.01 sec
----------------------------------------------------------
Test Passed.
"t_byte_stream_many_writes" end time: Jan 29 22:18 CST
"t_byte_stream_many_writes" time elapsed: 00:00:00
----------------------------------------------------------

31/169 Testing: t_webget
31/169 Test: t_webget
Command: "/run/media/honeta/Data/code/Lab/CS144/tests/webget_t.sh"
Directory: /run/media/honeta/Data/code/Lab/CS144
"t_webget" start time: Jan 29 22:18 CST
Output:
----------------------------------------------------------
Function called: get_URL(cs144.keithw.org, /nph-hasher/xyzzy).
Warning: get_URL() has not been implemented yet.
HTTP/1.1 200 OK
Content-type: text/plain

7SmXqWkrLKzVBCEalbSPqBcvs11Pw263K7x4Wv3JckI
<end of output>
Test time =   3.33 sec
----------------------------------------------------------
Test Passed.
"t_webget" end time: Jan 29 22:18 CST
"t_webget" time elapsed: 00:00:03
----------------------------------------------------------

53/169 Testing: t_address_dt
53/169 Test: t_address_dt
Command: "/run/media/honeta/Data/code/Lab/CS144/doctests/address_dt"
Directory: /run/media/honeta/Data/code/Lab/CS144
"t_address_dt" start time: Jan 29 22:18 CST
Output:
----------------------------------------------------------
<end of output>
Test time =   0.20 sec
----------------------------------------------------------
Test Passed.
"t_address_dt" end time: Jan 29 22:18 CST
"t_address_dt" time elapsed: 00:00:00
----------------------------------------------------------

54/169 Testing: t_parser_dt
54/169 Test: t_parser_dt
Command: "/run/media/honeta/Data/code/Lab/CS144/doctests/parser_dt"
Directory: /run/media/honeta/Data/code/Lab/CS144
"t_parser_dt" start time: Jan 29 22:18 CST
Output:
----------------------------------------------------------
<end of output>
Test time =   0.00 sec
----------------------------------------------------------
Test Passed.
"t_parser_dt" end time: Jan 29 22:18 CST
"t_parser_dt" time elapsed: 00:00:00
----------------------------------------------------------

55/169 Testing: t_socket_dt
55/169 Test: t_socket_dt
Command: "/run/media/honeta/Data/code/Lab/CS144/doctests/socket_dt"
Directory: /run/media/honeta/Data/code/Lab/CS144
"t_socket_dt" start time: Jan 29 22:18 CST
Output:
----------------------------------------------------------
<end of output>
Test time =   0.00 sec
----------------------------------------------------------
Test Passed.
"t_socket_dt" end time: Jan 29 22:18 CST
"t_socket_dt" time elapsed: 00:00:00
----------------------------------------------------------

End testing: Jan 29 22:18 CST
